2023-07-19 21:17:56,205 INFO o.a.j.l.DirectJDKLog:173 [http-nio-8080-exec-1] Initializing Spring DispatcherServlet 'dispatcherServlet'
2023-07-19 21:17:56,206 INFO o.s.w.s.FrameworkServlet:532 [http-nio-8080-exec-1] Initializing Servlet 'dispatcherServlet'
2023-07-19 21:17:56,207 DEBUG o.s.w.s.DispatcherServlet:528 [http-nio-8080-exec-1] Detected StandardServletMultipartResolver
2023-07-19 21:17:56,208 DEBUG o.s.w.s.DispatcherServlet:552 [http-nio-8080-exec-1] Detected AcceptHeaderLocaleResolver
2023-07-19 21:17:56,210 DEBUG o.s.w.s.DispatcherServlet:578 [http-nio-8080-exec-1] Detected FixedThemeResolver
2023-07-19 21:17:56,213 DEBUG o.s.w.s.DispatcherServlet:728 [http-nio-8080-exec-1] Detected org.springframework.web.servlet.view.DefaultRequestToViewNameTranslator@367aa9a9
2023-07-19 21:17:56,215 DEBUG o.s.w.s.DispatcherServlet:792 [http-nio-8080-exec-1] Detected org.springframework.web.servlet.support.SessionFlashMapManager@59204bb2
2023-07-19 21:17:56,216 DEBUG o.s.w.s.FrameworkServlet:549 [http-nio-8080-exec-1] enableLoggingRequestDetails='false': request parameters and headers will be masked to prevent unsafe logging of potentially sensitive data
2023-07-19 21:17:56,218 INFO o.s.w.s.FrameworkServlet:554 [http-nio-8080-exec-1] Completed initialization in 11 ms
2023-07-19 21:17:56,226 DEBUG o.s.w.f.CommonsRequestLoggingFilter:47 [http-nio-8080-exec-1] Before request [POST /api/check-address-wallet]
2023-07-19 21:17:56,238 DEBUG o.s.c.l.LogFormatUtils:120 [http-nio-8080-exec-1] POST "/api/check-address-wallet", parameters={}
2023-07-19 21:17:56,257 DEBUG o.s.w.s.h.AbstractHandlerMapping:528 [http-nio-8080-exec-1] Mapped to kits.final_project_api.Controller.Authentication.CheckAddressWallet#CheckAddressWallet(AccountCreateConnectWalletDTO, HttpServletResponse)
2023-07-19 21:17:56,280 DEBUG o.s.o.j.s.OpenEntityManagerInViewInterceptor:86 [http-nio-8080-exec-1] Opening JPA EntityManager in OpenEntityManagerInViewInterceptor
2023-07-19 21:17:56,477 DEBUG o.s.c.l.LogFormatUtils:120 [http-nio-8080-exec-1] Read "application/json;charset=UTF-8" to [kits.final_project_api.Model.CreateAccount.AccountCreateConnectWalletDTO@1770e312]
2023-07-19 21:17:56,738 DEBUG o.h.v.r.PlatformResourceBundleLocator:220 [http-nio-8080-exec-1] ValidationMessages not found.
2023-07-19 21:17:56,764 DEBUG o.h.v.r.PlatformResourceBundleLocator:220 [http-nio-8080-exec-1] ContributorValidationMessages not found.
2023-07-19 21:17:56,823 DEBUG o.h.v.r.PlatformResourceBundleLocator:217 [http-nio-8080-exec-1] org.hibernate.validator.ValidationMessages found.
2023-07-19 21:17:56,974 DEBUG o.h.v.r.PlatformResourceBundleLocator:220 [http-nio-8080-exec-1] ValidationMessages not found.
2023-07-19 21:17:56,976 DEBUG o.h.v.r.PlatformResourceBundleLocator:220 [http-nio-8080-exec-1] ContributorValidationMessages not found.
2023-07-19 21:17:56,981 DEBUG o.h.v.r.PlatformResourceBundleLocator:217 [http-nio-8080-exec-1] org.hibernate.validator.ValidationMessages found.
2023-07-19 21:17:57,059 DEBUG o.h.v.r.PlatformResourceBundleLocator:220 [http-nio-8080-exec-1] ValidationMessages not found.
2023-07-19 21:17:57,062 DEBUG o.h.v.r.PlatformResourceBundleLocator:220 [http-nio-8080-exec-1] ContributorValidationMessages not found.
2023-07-19 21:17:57,064 DEBUG o.h.v.r.PlatformResourceBundleLocator:217 [http-nio-8080-exec-1] org.hibernate.validator.ValidationMessages found.
2023-07-19 21:17:57,118 DEBUG o.s.b.CachedIntrospectionResults:167 [http-nio-8080-exec-1] Not strongly caching class [kits.final_project_api.Model.CreateAccount.AccountCreateConnectWalletDTO] because it is not cache-safe
2023-07-19 21:17:57,125 DEBUG o.s.w.s.m.m.a.ExceptionHandlerExceptionResolver:401 [http-nio-8080-exec-1] Using @ExceptionHandler kits.final_project_api.AopException.ApiExceptionHandler#handleAllException(Exception, WebRequest)
2023-07-19 21:17:57,133 DEBUG o.s.w.s.m.m.a.AbstractMessageConverterMethodProcessor:275 [http-nio-8080-exec-1] Using 'application/json', given [*/*] and supported [application/json, application/*+json]
2023-07-19 21:17:57,141 DEBUG o.s.c.l.LogFormatUtils:120 [http-nio-8080-exec-1] Writing [kits.final_project_api.Model.Error.ErrorMessage@3e39765a]
2023-07-19 21:17:57,153 WARN o.s.w.s.h.AbstractHandlerExceptionResolver:207 [http-nio-8080-exec-1] Resolved [org.springframework.web.bind.MethodArgumentNotValidException: Validation failed for argument [0] in public java.lang.Boolean kits.final_project_api.Controller.Authentication.CheckAddressWallet.CheckAddressWallet(kits.final_project_api.Model.CreateAccount.AccountCreateConnectWalletDTO,jakarta.servlet.http.HttpServletResponse) with 6 errors: [Field error in object 'accountCreateConnectWalletDTO' on field 'username': rejected value [null]; codes [NotEmpty.accountCreateConnectWalletDTO.username,NotEmpty.username,NotEmpty.java.lang.String,NotEmpty]; arguments [org.springframework.context.support.DefaultMessageSourceResolvable: codes [accountCreateConnectWalletDTO.username,username]; arguments []; default message [username]]; default message [must not be empty]] [Field error in object 'accountCreateConnectWalletDTO' on field 'username': rejected value [null]; codes [NotNull.accountCreateConnectWalletDTO.username,NotNull.username,NotNull.java.lang.String,NotNull]; arguments [org.springframework.context.support.DefaultMessageSourceResolvable: codes [accountCreateConnectWalletDTO.username,username]; arguments []; default message [username]]; default message [must not be null]] [Field error in object 'accountCreateConnectWalletDTO' on field 'username': rejected value [null]; codes [NotBlank.accountCreateConnectWalletDTO.username,NotBlank.username,NotBlank.java.lang.String,NotBlank]; arguments [org.springframework.context.support.DefaultMessageSourceResolvable: codes [accountCreateConnectWalletDTO.username,username]; arguments []; default message [username]]; default message [must not be blank]] [Field error in object 'accountCreateConnectWalletDTO' on field 'email': rejected value [null]; codes [NotEmpty.accountCreateConnectWalletDTO.email,NotEmpty.email,NotEmpty.java.lang.String,NotEmpty]; arguments [org.springframework.context.support.DefaultMessageSourceResolvable: codes [accountCreateConnectWalletDTO.email,email]; arguments []; default message [email]]; default message [must not be empty]] [Field error in object 'accountCreateConnectWalletDTO' on field 'email': rejected value [null]; codes [NotBlank.accountCreateConnectWalletDTO.email,NotBlank.email,NotBlank.java.lang.String,NotBlank]; arguments [org.springframework.context.support.DefaultMessageSourceResolvable: codes [accountCreateConnectWalletDTO.email,email]; arguments []; default message [email]]; default message [must not be blank]] [Field error in object 'accountCreateConnectWalletDTO' on field 'email': rejected value [null]; codes [NotNull.accountCreateConnectWalletDTO.email,NotNull.email,NotNull.java.lang.String,NotNull]; arguments [org.springframework.context.support.DefaultMessageSourceResolvable: codes [accountCreateConnectWalletDTO.email,email]; arguments []; default message [email]]; default message [must not be null]] ]
2023-07-19 21:17:57,177 DEBUG o.s.o.j.s.OpenEntityManagerInViewInterceptor:111 [http-nio-8080-exec-1] Closing JPA EntityManager in OpenEntityManagerInViewInterceptor
2023-07-19 21:17:57,182 DEBUG o.s.w.s.FrameworkServlet:1135 [http-nio-8080-exec-1] Completed 500 INTERNAL_SERVER_ERROR
2023-07-19 21:17:57,186 DEBUG o.s.w.f.CommonsRequestLoggingFilter:55 [http-nio-8080-exec-1] REQUEST DATA : POST /api/check-address-wallet, payload={
    "address_wallet" : "Adnam"
}]
2023-07-19 21:17:59,081 DEBUG c.z.h.p.HikariPool:414 [HikariPool-8 housekeeper] HikariPool-8 - Pool stats (total=10, active=0, idle=10, waiting=0)
2023-07-19 21:17:59,081 DEBUG c.z.h.p.HikariPool:521 [HikariPool-8 housekeeper] HikariPool-8 - Fill pool skipped, pool has sufficient level or currently being filled (queueDepth=0).
2023-07-19 21:18:29,097 DEBUG c.z.h.p.HikariPool:414 [HikariPool-8 housekeeper] HikariPool-8 - Pool stats (total=10, active=0, idle=10, waiting=0)
2023-07-19 21:18:29,098 DEBUG c.z.h.p.HikariPool:521 [HikariPool-8 housekeeper] HikariPool-8 - Fill pool skipped, pool has sufficient level or currently being filled (queueDepth=0).
2023-07-19 21:18:59,099 DEBUG c.z.h.p.HikariPool:414 [HikariPool-8 housekeeper] HikariPool-8 - Pool stats (total=10, active=0, idle=10, waiting=0)
2023-07-19 21:18:59,099 DEBUG c.z.h.p.HikariPool:521 [HikariPool-8 housekeeper] HikariPool-8 - Fill pool skipped, pool has sufficient level or currently being filled (queueDepth=0).
2023-07-19 21:19:29,108 DEBUG c.z.h.p.HikariPool:414 [HikariPool-8 housekeeper] HikariPool-8 - Pool stats (total=10, active=0, idle=10, waiting=0)
2023-07-19 21:19:29,109 DEBUG c.z.h.p.HikariPool:521 [HikariPool-8 housekeeper] HikariPool-8 - Fill pool skipped, pool has sufficient level or currently being filled (queueDepth=0).
2023-07-19 21:19:59,114 DEBUG c.z.h.p.HikariPool:414 [HikariPool-8 housekeeper] HikariPool-8 - Pool stats (total=10, active=0, idle=10, waiting=0)
2023-07-19 21:19:59,115 DEBUG c.z.h.p.HikariPool:521 [HikariPool-8 housekeeper] HikariPool-8 - Fill pool skipped, pool has sufficient level or currently being filled (queueDepth=0).
2023-07-19 21:20:29,120 DEBUG c.z.h.p.HikariPool:414 [HikariPool-8 housekeeper] HikariPool-8 - Pool stats (total=10, active=0, idle=10, waiting=0)
2023-07-19 21:20:29,121 DEBUG c.z.h.p.HikariPool:521 [HikariPool-8 housekeeper] HikariPool-8 - Fill pool skipped, pool has sufficient level or currently being filled (queueDepth=0).
2023-07-19 21:20:59,130 DEBUG c.z.h.p.HikariPool:414 [HikariPool-8 housekeeper] HikariPool-8 - Pool stats (total=10, active=0, idle=10, waiting=0)
2023-07-19 21:20:59,134 DEBUG c.z.h.p.HikariPool:521 [HikariPool-8 housekeeper] HikariPool-8 - Fill pool skipped, pool has sufficient level or currently being filled (queueDepth=0).
2023-07-19 21:21:29,143 DEBUG c.z.h.p.HikariPool:414 [HikariPool-8 housekeeper] HikariPool-8 - Pool stats (total=10, active=0, idle=10, waiting=0)
2023-07-19 21:21:29,144 DEBUG c.z.h.p.HikariPool:521 [HikariPool-8 housekeeper] HikariPool-8 - Fill pool skipped, pool has sufficient level or currently being filled (queueDepth=0).
2023-07-19 21:21:59,153 DEBUG c.z.h.p.HikariPool:414 [HikariPool-8 housekeeper] HikariPool-8 - Pool stats (total=10, active=0, idle=10, waiting=0)
2023-07-19 21:21:59,156 DEBUG c.z.h.p.HikariPool:521 [HikariPool-8 housekeeper] HikariPool-8 - Fill pool skipped, pool has sufficient level or currently being filled (queueDepth=0).
2023-07-19 21:22:29,160 DEBUG c.z.h.p.HikariPool:414 [HikariPool-8 housekeeper] HikariPool-8 - Pool stats (total=10, active=0, idle=10, waiting=0)
2023-07-19 21:22:29,163 DEBUG c.z.h.p.HikariPool:521 [HikariPool-8 housekeeper] HikariPool-8 - Fill pool skipped, pool has sufficient level or currently being filled (queueDepth=0).
2023-07-19 21:22:59,170 DEBUG c.z.h.p.HikariPool:414 [HikariPool-8 housekeeper] HikariPool-8 - Pool stats (total=10, active=0, idle=10, waiting=0)
2023-07-19 21:22:59,170 DEBUG c.z.h.p.HikariPool:521 [HikariPool-8 housekeeper] HikariPool-8 - Fill pool skipped, pool has sufficient level or currently being filled (queueDepth=0).
2023-07-19 21:23:29,183 DEBUG c.z.h.p.HikariPool:414 [HikariPool-8 housekeeper] HikariPool-8 - Pool stats (total=10, active=0, idle=10, waiting=0)
2023-07-19 21:23:29,184 DEBUG c.z.h.p.HikariPool:521 [HikariPool-8 housekeeper] HikariPool-8 - Fill pool skipped, pool has sufficient level or currently being filled (queueDepth=0).
2023-07-19 21:23:51,012 DEBUG o.s.w.f.CommonsRequestLoggingFilter:47 [http-nio-8080-exec-4] Before request [POST /api/check-address-wallet]
2023-07-19 21:23:51,013 DEBUG o.s.c.l.LogFormatUtils:120 [http-nio-8080-exec-4] POST "/api/check-address-wallet", parameters={}
2023-07-19 21:23:51,014 DEBUG o.s.w.s.h.AbstractHandlerMapping:528 [http-nio-8080-exec-4] Mapped to kits.final_project_api.Controller.Authentication.CheckAddressWallet#CheckAddressWallet(AccountCreateConnectWalletDTO, HttpServletResponse)
2023-07-19 21:23:51,015 DEBUG o.s.o.j.s.OpenEntityManagerInViewInterceptor:86 [http-nio-8080-exec-4] Opening JPA EntityManager in OpenEntityManagerInViewInterceptor
2023-07-19 21:23:51,031 DEBUG o.s.c.l.LogFormatUtils:120 [http-nio-8080-exec-4] Read "application/json;charset=UTF-8" to [kits.final_project_api.Model.CreateAccount.AccountCreateConnectWalletDTO@1cb19f57]
2023-07-19 21:23:51,046 DEBUG o.s.w.s.m.m.a.ExceptionHandlerExceptionResolver:401 [http-nio-8080-exec-4] Using @ExceptionHandler kits.final_project_api.AopException.ApiExceptionHandler#handleAllException(Exception, WebRequest)
2023-07-19 21:23:51,057 DEBUG o.s.w.s.m.m.a.AbstractMessageConverterMethodProcessor:275 [http-nio-8080-exec-4] Using 'application/json', given [*/*] and supported [application/json, application/*+json]
2023-07-19 21:23:51,066 DEBUG o.s.c.l.LogFormatUtils:120 [http-nio-8080-exec-4] Writing [kits.final_project_api.Model.Error.ErrorMessage@127662b1]
2023-07-19 21:23:51,073 WARN o.s.w.s.h.AbstractHandlerExceptionResolver:207 [http-nio-8080-exec-4] Resolved [org.springframework.web.bind.MethodArgumentNotValidException: Validation failed for argument [0] in public java.lang.Boolean kits.final_project_api.Controller.Authentication.CheckAddressWallet.CheckAddressWallet(kits.final_project_api.Model.CreateAccount.AccountCreateConnectWalletDTO,jakarta.servlet.http.HttpServletResponse) with 6 errors: [Field error in object 'accountCreateConnectWalletDTO' on field 'email': rejected value [null]; codes [NotBlank.accountCreateConnectWalletDTO.email,NotBlank.email,NotBlank.java.lang.String,NotBlank]; arguments [org.springframework.context.support.DefaultMessageSourceResolvable: codes [accountCreateConnectWalletDTO.email,email]; arguments []; default message [email]]; default message [must not be blank]] [Field error in object 'accountCreateConnectWalletDTO' on field 'email': rejected value [null]; codes [NotNull.accountCreateConnectWalletDTO.email,NotNull.email,NotNull.java.lang.String,NotNull]; arguments [org.springframework.context.support.DefaultMessageSourceResolvable: codes [accountCreateConnectWalletDTO.email,email]; arguments []; default message [email]]; default message [must not be null]] [Field error in object 'accountCreateConnectWalletDTO' on field 'username': rejected value [null]; codes [NotBlank.accountCreateConnectWalletDTO.username,NotBlank.username,NotBlank.java.lang.String,NotBlank]; arguments [org.springframework.context.support.DefaultMessageSourceResolvable: codes [accountCreateConnectWalletDTO.username,username]; arguments []; default message [username]]; default message [must not be blank]] [Field error in object 'accountCreateConnectWalletDTO' on field 'email': rejected value [null]; codes [NotEmpty.accountCreateConnectWalletDTO.email,NotEmpty.email,NotEmpty.java.lang.String,NotEmpty]; arguments [org.springframework.context.support.DefaultMessageSourceResolvable: codes [accountCreateConnectWalletDTO.email,email]; arguments []; default message [email]]; default message [must not be empty]] [Field error in object 'accountCreateConnectWalletDTO' on field 'username': rejected value [null]; codes [NotNull.accountCreateConnectWalletDTO.username,NotNull.username,NotNull.java.lang.String,NotNull]; arguments [org.springframework.context.support.DefaultMessageSourceResolvable: codes [accountCreateConnectWalletDTO.username,username]; arguments []; default message [username]]; default message [must not be null]] [Field error in object 'accountCreateConnectWalletDTO' on field 'username': rejected value [null]; codes [NotEmpty.accountCreateConnectWalletDTO.username,NotEmpty.username,NotEmpty.java.lang.String,NotEmpty]; arguments [org.springframework.context.support.DefaultMessageSourceResolvable: codes [accountCreateConnectWalletDTO.username,username]; arguments []; default message [username]]; default message [must not be empty]] ]
2023-07-19 21:23:51,084 DEBUG o.s.o.j.s.OpenEntityManagerInViewInterceptor:111 [http-nio-8080-exec-4] Closing JPA EntityManager in OpenEntityManagerInViewInterceptor
2023-07-19 21:23:51,088 DEBUG o.s.w.s.FrameworkServlet:1135 [http-nio-8080-exec-4] Completed 500 INTERNAL_SERVER_ERROR
2023-07-19 21:23:51,092 DEBUG o.s.w.f.CommonsRequestLoggingFilter:55 [http-nio-8080-exec-4] REQUEST DATA : POST /api/check-address-wallet, payload={
    "address_wallet" : "Adnam"
}]
2023-07-19 21:23:59,199 DEBUG c.z.h.p.HikariPool:414 [HikariPool-8 housekeeper] HikariPool-8 - Pool stats (total=10, active=0, idle=10, waiting=0)
2023-07-19 21:23:59,203 DEBUG c.z.h.p.HikariPool:521 [HikariPool-8 housekeeper] HikariPool-8 - Fill pool skipped, pool has sufficient level or currently being filled (queueDepth=0).
2023-07-19 21:24:29,216 DEBUG c.z.h.p.HikariPool:414 [HikariPool-8 housekeeper] HikariPool-8 - Pool stats (total=10, active=0, idle=10, waiting=0)
2023-07-19 21:24:29,216 DEBUG c.z.h.p.HikariPool:521 [HikariPool-8 housekeeper] HikariPool-8 - Fill pool skipped, pool has sufficient level or currently being filled (queueDepth=0).
2023-07-19 21:24:59,225 DEBUG c.z.h.p.HikariPool:414 [HikariPool-8 housekeeper] HikariPool-8 - Pool stats (total=10, active=0, idle=10, waiting=0)
2023-07-19 21:24:59,225 DEBUG c.z.h.p.HikariPool:521 [HikariPool-8 housekeeper] HikariPool-8 - Fill pool skipped, pool has sufficient level or currently being filled (queueDepth=0).
2023-07-19 21:25:29,238 DEBUG c.z.h.p.HikariPool:414 [HikariPool-8 housekeeper] HikariPool-8 - Pool stats (total=10, active=0, idle=10, waiting=0)
2023-07-19 21:25:29,238 DEBUG c.z.h.p.HikariPool:521 [HikariPool-8 housekeeper] HikariPool-8 - Fill pool skipped, pool has sufficient level or currently being filled (queueDepth=0).
2023-07-19 21:25:59,246 DEBUG c.z.h.p.HikariPool:414 [HikariPool-8 housekeeper] HikariPool-8 - Pool stats (total=10, active=0, idle=10, waiting=0)
2023-07-19 21:25:59,247 DEBUG c.z.h.p.HikariPool:521 [HikariPool-8 housekeeper] HikariPool-8 - Fill pool skipped, pool has sufficient level or currently being filled (queueDepth=0).
2023-07-19 21:26:29,256 DEBUG c.z.h.p.HikariPool:414 [HikariPool-8 housekeeper] HikariPool-8 - Pool stats (total=10, active=0, idle=10, waiting=0)
2023-07-19 21:26:29,257 DEBUG c.z.h.p.HikariPool:521 [HikariPool-8 housekeeper] HikariPool-8 - Fill pool skipped, pool has sufficient level or currently being filled (queueDepth=0).
2023-07-19 21:26:59,263 DEBUG c.z.h.p.HikariPool:414 [HikariPool-8 housekeeper] HikariPool-8 - Pool stats (total=10, active=0, idle=10, waiting=0)
2023-07-19 21:26:59,263 DEBUG c.z.h.p.HikariPool:521 [HikariPool-8 housekeeper] HikariPool-8 - Fill pool skipped, pool has sufficient level or currently being filled (queueDepth=0).
2023-07-19 21:27:29,268 DEBUG c.z.h.p.HikariPool:414 [HikariPool-8 housekeeper] HikariPool-8 - Pool stats (total=10, active=0, idle=10, waiting=0)
2023-07-19 21:27:29,268 DEBUG c.z.h.p.HikariPool:521 [HikariPool-8 housekeeper] HikariPool-8 - Fill pool skipped, pool has sufficient level or currently being filled (queueDepth=0).
2023-07-19 21:27:59,271 DEBUG c.z.h.p.HikariPool:414 [HikariPool-8 housekeeper] HikariPool-8 - Pool stats (total=10, active=0, idle=10, waiting=0)
2023-07-19 21:27:59,271 DEBUG c.z.h.p.HikariPool:521 [HikariPool-8 housekeeper] HikariPool-8 - Fill pool skipped, pool has sufficient level or currently being filled (queueDepth=0).
2023-07-19 21:28:29,281 DEBUG c.z.h.p.HikariPool:414 [HikariPool-8 housekeeper] HikariPool-8 - Pool stats (total=10, active=0, idle=10, waiting=0)
2023-07-19 21:28:29,282 DEBUG c.z.h.p.HikariPool:521 [HikariPool-8 housekeeper] HikariPool-8 - Fill pool skipped, pool has sufficient level or currently being filled (queueDepth=0).
2023-07-19 21:28:59,297 DEBUG c.z.h.p.HikariPool:414 [HikariPool-8 housekeeper] HikariPool-8 - Pool stats (total=10, active=0, idle=10, waiting=0)
2023-07-19 21:28:59,298 DEBUG c.z.h.p.HikariPool:521 [HikariPool-8 housekeeper] HikariPool-8 - Fill pool skipped, pool has sufficient level or currently being filled (queueDepth=0).
2023-07-19 21:29:29,306 DEBUG c.z.h.p.HikariPool:414 [HikariPool-8 housekeeper] HikariPool-8 - Pool stats (total=10, active=0, idle=10, waiting=0)
2023-07-19 21:29:29,307 DEBUG c.z.h.p.HikariPool:521 [HikariPool-8 housekeeper] HikariPool-8 - Fill pool skipped, pool has sufficient level or currently being filled (queueDepth=0).
2023-07-19 21:29:59,320 DEBUG c.z.h.p.HikariPool:414 [HikariPool-8 housekeeper] HikariPool-8 - Pool stats (total=10, active=0, idle=10, waiting=0)
2023-07-19 21:29:59,321 DEBUG c.z.h.p.HikariPool:521 [HikariPool-8 housekeeper] HikariPool-8 - Fill pool skipped, pool has sufficient level or currently being filled (queueDepth=0).
2023-07-19 21:30:29,335 DEBUG c.z.h.p.HikariPool:414 [HikariPool-8 housekeeper] HikariPool-8 - Pool stats (total=10, active=0, idle=10, waiting=0)
2023-07-19 21:30:29,335 DEBUG c.z.h.p.HikariPool:521 [HikariPool-8 housekeeper] HikariPool-8 - Fill pool skipped, pool has sufficient level or currently being filled (queueDepth=0).
2023-07-19 21:30:59,347 DEBUG c.z.h.p.HikariPool:414 [HikariPool-8 housekeeper] HikariPool-8 - Pool stats (total=10, active=0, idle=10, waiting=0)
2023-07-19 21:30:59,347 DEBUG c.z.h.p.HikariPool:521 [HikariPool-8 housekeeper] HikariPool-8 - Fill pool skipped, pool has sufficient level or currently being filled (queueDepth=0).
2023-07-19 21:31:29,359 DEBUG c.z.h.p.HikariPool:414 [HikariPool-8 housekeeper] HikariPool-8 - Pool stats (total=10, active=0, idle=10, waiting=0)
2023-07-19 21:31:29,360 DEBUG c.z.h.p.HikariPool:521 [HikariPool-8 housekeeper] HikariPool-8 - Fill pool skipped, pool has sufficient level or currently being filled (queueDepth=0).
2023-07-19 21:31:59,371 DEBUG c.z.h.p.HikariPool:414 [HikariPool-8 housekeeper] HikariPool-8 - Pool stats (total=10, active=0, idle=10, waiting=0)
2023-07-19 21:31:59,372 DEBUG c.z.h.p.HikariPool:521 [HikariPool-8 housekeeper] HikariPool-8 - Fill pool skipped, pool has sufficient level or currently being filled (queueDepth=0).
2023-07-19 21:32:29,376 DEBUG c.z.h.p.HikariPool:414 [HikariPool-8 housekeeper] HikariPool-8 - Pool stats (total=10, active=0, idle=10, waiting=0)
2023-07-19 21:32:29,377 DEBUG c.z.h.p.HikariPool:521 [HikariPool-8 housekeeper] HikariPool-8 - Fill pool skipped, pool has sufficient level or currently being filled (queueDepth=0).
2023-07-19 21:32:59,389 DEBUG c.z.h.p.HikariPool:414 [HikariPool-8 housekeeper] HikariPool-8 - Pool stats (total=10, active=0, idle=10, waiting=0)
2023-07-19 21:32:59,390 DEBUG c.z.h.p.HikariPool:521 [HikariPool-8 housekeeper] HikariPool-8 - Fill pool skipped, pool has sufficient level or currently being filled (queueDepth=0).
2023-07-19 21:33:29,398 DEBUG c.z.h.p.HikariPool:414 [HikariPool-8 housekeeper] HikariPool-8 - Pool stats (total=10, active=0, idle=10, waiting=0)
2023-07-19 21:33:29,398 DEBUG c.z.h.p.HikariPool:521 [HikariPool-8 housekeeper] HikariPool-8 - Fill pool skipped, pool has sufficient level or currently being filled (queueDepth=0).
2023-07-19 21:33:59,408 DEBUG c.z.h.p.HikariPool:414 [HikariPool-8 housekeeper] HikariPool-8 - Pool stats (total=10, active=0, idle=10, waiting=0)
2023-07-19 21:33:59,409 DEBUG c.z.h.p.HikariPool:521 [HikariPool-8 housekeeper] HikariPool-8 - Fill pool skipped, pool has sufficient level or currently being filled (queueDepth=0).
2023-07-19 21:34:29,424 DEBUG c.z.h.p.HikariPool:414 [HikariPool-8 housekeeper] HikariPool-8 - Pool stats (total=10, active=0, idle=10, waiting=0)
2023-07-19 21:34:29,424 DEBUG c.z.h.p.HikariPool:521 [HikariPool-8 housekeeper] HikariPool-8 - Fill pool skipped, pool has sufficient level or currently being filled (queueDepth=0).
2023-07-19 21:34:59,434 DEBUG c.z.h.p.HikariPool:414 [HikariPool-8 housekeeper] HikariPool-8 - Pool stats (total=10, active=0, idle=10, waiting=0)
2023-07-19 21:34:59,435 DEBUG c.z.h.p.HikariPool:521 [HikariPool-8 housekeeper] HikariPool-8 - Fill pool skipped, pool has sufficient level or currently being filled (queueDepth=0).
2023-07-19 21:35:29,451 DEBUG c.z.h.p.HikariPool:414 [HikariPool-8 housekeeper] HikariPool-8 - Pool stats (total=10, active=0, idle=10, waiting=0)
2023-07-19 21:35:29,452 DEBUG c.z.h.p.HikariPool:521 [HikariPool-8 housekeeper] HikariPool-8 - Fill pool skipped, pool has sufficient level or currently being filled (queueDepth=0).
2023-07-19 21:35:59,459 DEBUG c.z.h.p.HikariPool:414 [HikariPool-8 housekeeper] HikariPool-8 - Pool stats (total=10, active=0, idle=10, waiting=0)
2023-07-19 21:35:59,459 DEBUG c.z.h.p.HikariPool:521 [HikariPool-8 housekeeper] HikariPool-8 - Fill pool skipped, pool has sufficient level or currently being filled (queueDepth=0).
2023-07-19 21:36:29,464 DEBUG c.z.h.p.HikariPool:414 [HikariPool-8 housekeeper] HikariPool-8 - Pool stats (total=10, active=0, idle=10, waiting=0)
2023-07-19 21:36:29,464 DEBUG c.z.h.p.HikariPool:521 [HikariPool-8 housekeeper] HikariPool-8 - Fill pool skipped, pool has sufficient level or currently being filled (queueDepth=0).
2023-07-19 21:36:59,468 DEBUG c.z.h.p.HikariPool:414 [HikariPool-8 housekeeper] HikariPool-8 - Pool stats (total=10, active=0, idle=10, waiting=0)
2023-07-19 21:36:59,469 DEBUG c.z.h.p.HikariPool:521 [HikariPool-8 housekeeper] HikariPool-8 - Fill pool skipped, pool has sufficient level or currently being filled (queueDepth=0).
2023-07-19 21:37:29,482 DEBUG c.z.h.p.HikariPool:414 [HikariPool-8 housekeeper] HikariPool-8 - Pool stats (total=10, active=0, idle=10, waiting=0)
2023-07-19 21:37:29,482 DEBUG c.z.h.p.HikariPool:521 [HikariPool-8 housekeeper] HikariPool-8 - Fill pool skipped, pool has sufficient level or currently being filled (queueDepth=0).
2023-07-19 21:37:59,490 DEBUG c.z.h.p.HikariPool:414 [HikariPool-8 housekeeper] HikariPool-8 - Pool stats (total=10, active=0, idle=10, waiting=0)
2023-07-19 21:37:59,491 DEBUG c.z.h.p.HikariPool:521 [HikariPool-8 housekeeper] HikariPool-8 - Fill pool skipped, pool has sufficient level or currently being filled (queueDepth=0).
2023-07-19 21:38:29,497 DEBUG c.z.h.p.HikariPool:414 [HikariPool-8 housekeeper] HikariPool-8 - Pool stats (total=10, active=0, idle=10, waiting=0)
2023-07-19 21:38:29,497 DEBUG c.z.h.p.HikariPool:521 [HikariPool-8 housekeeper] HikariPool-8 - Fill pool skipped, pool has sufficient level or currently being filled (queueDepth=0).
2023-07-19 21:38:59,501 DEBUG c.z.h.p.HikariPool:414 [HikariPool-8 housekeeper] HikariPool-8 - Pool stats (total=10, active=0, idle=10, waiting=0)
2023-07-19 21:38:59,502 DEBUG c.z.h.p.HikariPool:521 [HikariPool-8 housekeeper] HikariPool-8 - Fill pool skipped, pool has sufficient level or currently being filled (queueDepth=0).
2023-07-19 21:39:29,511 DEBUG c.z.h.p.HikariPool:414 [HikariPool-8 housekeeper] HikariPool-8 - Pool stats (total=10, active=0, idle=10, waiting=0)
2023-07-19 21:39:29,512 DEBUG c.z.h.p.HikariPool:521 [HikariPool-8 housekeeper] HikariPool-8 - Fill pool skipped, pool has sufficient level or currently being filled (queueDepth=0).
2023-07-19 21:39:59,524 DEBUG c.z.h.p.HikariPool:414 [HikariPool-8 housekeeper] HikariPool-8 - Pool stats (total=10, active=0, idle=10, waiting=0)
2023-07-19 21:39:59,524 DEBUG c.z.h.p.HikariPool:521 [HikariPool-8 housekeeper] HikariPool-8 - Fill pool skipped, pool has sufficient level or currently being filled (queueDepth=0).
2023-07-19 21:40:29,540 DEBUG c.z.h.p.HikariPool:414 [HikariPool-8 housekeeper] HikariPool-8 - Pool stats (total=10, active=0, idle=10, waiting=0)
2023-07-19 21:40:29,541 DEBUG c.z.h.p.HikariPool:521 [HikariPool-8 housekeeper] HikariPool-8 - Fill pool skipped, pool has sufficient level or currently being filled (queueDepth=0).
2023-07-19 21:40:59,551 DEBUG c.z.h.p.HikariPool:414 [HikariPool-8 housekeeper] HikariPool-8 - Pool stats (total=10, active=0, idle=10, waiting=0)
2023-07-19 21:40:59,552 DEBUG c.z.h.p.HikariPool:521 [HikariPool-8 housekeeper] HikariPool-8 - Fill pool skipped, pool has sufficient level or currently being filled (queueDepth=0).
2023-07-19 21:41:29,563 DEBUG c.z.h.p.HikariPool:414 [HikariPool-8 housekeeper] HikariPool-8 - Pool stats (total=10, active=0, idle=10, waiting=0)
2023-07-19 21:41:29,563 DEBUG c.z.h.p.HikariPool:521 [HikariPool-8 housekeeper] HikariPool-8 - Fill pool skipped, pool has sufficient level or currently being filled (queueDepth=0).
2023-07-19 21:41:59,580 DEBUG c.z.h.p.HikariPool:414 [HikariPool-8 housekeeper] HikariPool-8 - Pool stats (total=10, active=0, idle=10, waiting=0)
2023-07-19 21:41:59,581 DEBUG c.z.h.p.HikariPool:521 [HikariPool-8 housekeeper] HikariPool-8 - Fill pool skipped, pool has sufficient level or currently being filled (queueDepth=0).
2023-07-19 21:42:14,763 DEBUG c.z.h.p.PoolBase:132 [HikariPool-8 connection closer] HikariPool-8 - Closing connection com.mysql.cj.jdbc.ConnectionImpl@763bcace: (connection has passed maxLifetime)
2023-07-19 21:42:14,793 DEBUG c.z.h.p.HikariPool$PoolEntryCreator:738 [HikariPool-8 connection adder] HikariPool-8 - Added connection com.mysql.cj.jdbc.ConnectionImpl@619f87ff
2023-07-19 21:42:21,859 DEBUG c.z.h.p.PoolBase:132 [HikariPool-8 connection closer] HikariPool-8 - Closing connection com.mysql.cj.jdbc.ConnectionImpl@1dec0586: (connection has passed maxLifetime)
2023-07-19 21:42:21,874 DEBUG c.z.h.p.HikariPool$PoolEntryCreator:738 [HikariPool-8 connection adder] HikariPool-8 - Added connection com.mysql.cj.jdbc.ConnectionImpl@764f3750
2023-07-19 21:42:24,643 DEBUG c.z.h.p.PoolBase:132 [HikariPool-8 connection closer] HikariPool-8 - Closing connection com.mysql.cj.jdbc.ConnectionImpl@3878d7ef: (connection has passed maxLifetime)
2023-07-19 21:42:24,659 DEBUG c.z.h.p.HikariPool$PoolEntryCreator:738 [HikariPool-8 connection adder] HikariPool-8 - Added connection com.mysql.cj.jdbc.ConnectionImpl@37723d6b
2023-07-19 21:42:26,909 DEBUG c.z.h.p.PoolBase:132 [HikariPool-8 connection closer] HikariPool-8 - Closing connection com.mysql.cj.jdbc.ConnectionImpl@72fb2368: (connection has passed maxLifetime)
2023-07-19 21:42:26,923 DEBUG c.z.h.p.HikariPool$PoolEntryCreator:738 [HikariPool-8 connection adder] HikariPool-8 - Added connection com.mysql.cj.jdbc.ConnectionImpl@60f0f33
2023-07-19 21:42:29,594 DEBUG c.z.h.p.HikariPool:414 [HikariPool-8 housekeeper] HikariPool-8 - Pool stats (total=10, active=0, idle=10, waiting=0)
2023-07-19 21:42:29,594 DEBUG c.z.h.p.HikariPool:521 [HikariPool-8 housekeeper] HikariPool-8 - Fill pool skipped, pool has sufficient level or currently being filled (queueDepth=0).
2023-07-19 21:42:37,448 DEBUG c.z.h.p.PoolBase:132 [HikariPool-8 connection closer] HikariPool-8 - Closing connection com.mysql.cj.jdbc.ConnectionImpl@3cfef0f2: (connection has passed maxLifetime)
2023-07-19 21:42:37,465 DEBUG c.z.h.p.HikariPool$PoolEntryCreator:738 [HikariPool-8 connection adder] HikariPool-8 - Added connection com.mysql.cj.jdbc.ConnectionImpl@50d23f05
2023-07-19 21:42:41,680 DEBUG c.z.h.p.PoolBase:132 [HikariPool-8 connection closer] HikariPool-8 - Closing connection com.mysql.cj.jdbc.ConnectionImpl@2eecffdc: (connection has passed maxLifetime)
2023-07-19 21:42:41,708 DEBUG c.z.h.p.HikariPool$PoolEntryCreator:738 [HikariPool-8 connection adder] HikariPool-8 - Added connection com.mysql.cj.jdbc.ConnectionImpl@11ef353e
2023-07-19 21:42:53,841 DEBUG c.z.h.p.PoolBase:132 [HikariPool-8 connection closer] HikariPool-8 - Closing connection com.mysql.cj.jdbc.ConnectionImpl@6d477569: (connection has passed maxLifetime)
2023-07-19 21:42:53,863 DEBUG c.z.h.p.HikariPool$PoolEntryCreator:738 [HikariPool-8 connection adder] HikariPool-8 - Added connection com.mysql.cj.jdbc.ConnectionImpl@70c54821
2023-07-19 21:42:55,676 DEBUG c.z.h.p.PoolBase:132 [HikariPool-8 connection closer] HikariPool-8 - Closing connection com.mysql.cj.jdbc.ConnectionImpl@632e5149: (connection has passed maxLifetime)
2023-07-19 21:42:55,693 DEBUG c.z.h.p.HikariPool$PoolEntryCreator:738 [HikariPool-8 connection adder] HikariPool-8 - Added connection com.mysql.cj.jdbc.ConnectionImpl@31f8421a
2023-07-19 21:42:56,382 DEBUG c.z.h.p.PoolBase:132 [HikariPool-8 connection closer] HikariPool-8 - Closing connection com.mysql.cj.jdbc.ConnectionImpl@5cd10fbd: (connection has passed maxLifetime)
2023-07-19 21:42:56,396 DEBUG c.z.h.p.HikariPool$PoolEntryCreator:738 [HikariPool-8 connection adder] HikariPool-8 - Added connection com.mysql.cj.jdbc.ConnectionImpl@374af
2023-07-19 21:42:57,168 DEBUG c.z.h.p.PoolBase:132 [HikariPool-8 connection closer] HikariPool-8 - Closing connection com.mysql.cj.jdbc.ConnectionImpl@38b0a8ad: (connection has passed maxLifetime)
2023-07-19 21:42:57,185 DEBUG c.z.h.p.HikariPool$PoolEntryCreator:738 [HikariPool-8 connection adder] HikariPool-8 - Added connection com.mysql.cj.jdbc.ConnectionImpl@51d7bd55
2023-07-19 21:42:59,608 DEBUG c.z.h.p.HikariPool:414 [HikariPool-8 housekeeper] HikariPool-8 - Pool stats (total=10, active=0, idle=10, waiting=0)
2023-07-19 21:42:59,609 DEBUG c.z.h.p.HikariPool:521 [HikariPool-8 housekeeper] HikariPool-8 - Fill pool skipped, pool has sufficient level or currently being filled (queueDepth=0).
2023-07-19 21:43:29,620 DEBUG c.z.h.p.HikariPool:414 [HikariPool-8 housekeeper] HikariPool-8 - Pool stats (total=10, active=0, idle=10, waiting=0)
2023-07-19 21:43:29,620 DEBUG c.z.h.p.HikariPool:521 [HikariPool-8 housekeeper] HikariPool-8 - Fill pool skipped, pool has sufficient level or currently being filled (queueDepth=0).
2023-07-19 21:43:59,626 DEBUG c.z.h.p.HikariPool:414 [HikariPool-8 housekeeper] HikariPool-8 - Pool stats (total=10, active=0, idle=10, waiting=0)
2023-07-19 21:43:59,626 DEBUG c.z.h.p.HikariPool:521 [HikariPool-8 housekeeper] HikariPool-8 - Fill pool skipped, pool has sufficient level or currently being filled (queueDepth=0).
2023-07-19 21:44:29,642 DEBUG c.z.h.p.HikariPool:414 [HikariPool-8 housekeeper] HikariPool-8 - Pool stats (total=10, active=0, idle=10, waiting=0)
2023-07-19 21:44:29,642 DEBUG c.z.h.p.HikariPool:521 [HikariPool-8 housekeeper] HikariPool-8 - Fill pool skipped, pool has sufficient level or currently being filled (queueDepth=0).
2023-07-19 21:44:59,644 DEBUG c.z.h.p.HikariPool:414 [HikariPool-8 housekeeper] HikariPool-8 - Pool stats (total=10, active=0, idle=10, waiting=0)
2023-07-19 21:44:59,644 DEBUG c.z.h.p.HikariPool:521 [HikariPool-8 housekeeper] HikariPool-8 - Fill pool skipped, pool has sufficient level or currently being filled (queueDepth=0).
2023-07-19 21:45:29,653 DEBUG c.z.h.p.HikariPool:414 [HikariPool-8 housekeeper] HikariPool-8 - Pool stats (total=10, active=0, idle=10, waiting=0)
2023-07-19 21:45:29,653 DEBUG c.z.h.p.HikariPool:521 [HikariPool-8 housekeeper] HikariPool-8 - Fill pool skipped, pool has sufficient level or currently being filled (queueDepth=0).
2023-07-19 21:45:59,661 DEBUG c.z.h.p.HikariPool:414 [HikariPool-8 housekeeper] HikariPool-8 - Pool stats (total=10, active=0, idle=10, waiting=0)
2023-07-19 21:45:59,662 DEBUG c.z.h.p.HikariPool:521 [HikariPool-8 housekeeper] HikariPool-8 - Fill pool skipped, pool has sufficient level or currently being filled (queueDepth=0).
2023-07-19 21:46:29,668 DEBUG c.z.h.p.HikariPool:414 [HikariPool-8 housekeeper] HikariPool-8 - Pool stats (total=10, active=0, idle=10, waiting=0)
2023-07-19 21:46:29,669 DEBUG c.z.h.p.HikariPool:521 [HikariPool-8 housekeeper] HikariPool-8 - Fill pool skipped, pool has sufficient level or currently being filled (queueDepth=0).
2023-07-19 21:46:59,674 DEBUG c.z.h.p.HikariPool:414 [HikariPool-8 housekeeper] HikariPool-8 - Pool stats (total=10, active=0, idle=10, waiting=0)
2023-07-19 21:46:59,674 DEBUG c.z.h.p.HikariPool:521 [HikariPool-8 housekeeper] HikariPool-8 - Fill pool skipped, pool has sufficient level or currently being filled (queueDepth=0).
2023-07-19 21:47:29,707 DEBUG c.z.h.p.HikariPool:414 [HikariPool-8 housekeeper] HikariPool-8 - Pool stats (total=10, active=0, idle=10, waiting=0)
2023-07-19 21:47:29,729 DEBUG c.z.h.p.HikariPool:521 [HikariPool-8 housekeeper] HikariPool-8 - Fill pool skipped, pool has sufficient level or currently being filled (queueDepth=0).
2023-07-19 21:47:59,739 DEBUG c.z.h.p.HikariPool:414 [HikariPool-8 housekeeper] HikariPool-8 - Pool stats (total=10, active=0, idle=10, waiting=0)
2023-07-19 21:47:59,739 DEBUG c.z.h.p.HikariPool:521 [HikariPool-8 housekeeper] HikariPool-8 - Fill pool skipped, pool has sufficient level or currently being filled (queueDepth=0).
2023-07-19 21:48:29,748 DEBUG c.z.h.p.HikariPool:414 [HikariPool-8 housekeeper] HikariPool-8 - Pool stats (total=10, active=0, idle=10, waiting=0)
2023-07-19 21:48:29,748 DEBUG c.z.h.p.HikariPool:521 [HikariPool-8 housekeeper] HikariPool-8 - Fill pool skipped, pool has sufficient level or currently being filled (queueDepth=0).
2023-07-19 21:48:59,762 DEBUG c.z.h.p.HikariPool:414 [HikariPool-8 housekeeper] HikariPool-8 - Pool stats (total=10, active=0, idle=10, waiting=0)
2023-07-19 21:48:59,763 DEBUG c.z.h.p.HikariPool:521 [HikariPool-8 housekeeper] HikariPool-8 - Fill pool skipped, pool has sufficient level or currently being filled (queueDepth=0).
2023-07-19 21:49:29,769 DEBUG c.z.h.p.HikariPool:414 [HikariPool-8 housekeeper] HikariPool-8 - Pool stats (total=10, active=0, idle=10, waiting=0)
2023-07-19 21:49:29,769 DEBUG c.z.h.p.HikariPool:521 [HikariPool-8 housekeeper] HikariPool-8 - Fill pool skipped, pool has sufficient level or currently being filled (queueDepth=0).
2023-07-19 21:49:59,774 DEBUG c.z.h.p.HikariPool:414 [HikariPool-8 housekeeper] HikariPool-8 - Pool stats (total=10, active=0, idle=10, waiting=0)
2023-07-19 21:49:59,774 DEBUG c.z.h.p.HikariPool:521 [HikariPool-8 housekeeper] HikariPool-8 - Fill pool skipped, pool has sufficient level or currently being filled (queueDepth=0).
2023-07-19 21:50:29,781 DEBUG c.z.h.p.HikariPool:414 [HikariPool-8 housekeeper] HikariPool-8 - Pool stats (total=10, active=0, idle=10, waiting=0)
2023-07-19 21:50:29,782 DEBUG c.z.h.p.HikariPool:521 [HikariPool-8 housekeeper] HikariPool-8 - Fill pool skipped, pool has sufficient level or currently being filled (queueDepth=0).
2023-07-19 21:50:59,784 DEBUG c.z.h.p.HikariPool:414 [HikariPool-8 housekeeper] HikariPool-8 - Pool stats (total=10, active=0, idle=10, waiting=0)
2023-07-19 21:50:59,784 DEBUG c.z.h.p.HikariPool:521 [HikariPool-8 housekeeper] HikariPool-8 - Fill pool skipped, pool has sufficient level or currently being filled (queueDepth=0).
2023-07-19 21:51:29,792 DEBUG c.z.h.p.HikariPool:414 [HikariPool-8 housekeeper] HikariPool-8 - Pool stats (total=10, active=0, idle=10, waiting=0)
2023-07-19 21:51:29,792 DEBUG c.z.h.p.HikariPool:521 [HikariPool-8 housekeeper] HikariPool-8 - Fill pool skipped, pool has sufficient level or currently being filled (queueDepth=0).
2023-07-19 21:51:59,797 DEBUG c.z.h.p.HikariPool:414 [HikariPool-8 housekeeper] HikariPool-8 - Pool stats (total=10, active=0, idle=10, waiting=0)
2023-07-19 21:51:59,798 DEBUG c.z.h.p.HikariPool:521 [HikariPool-8 housekeeper] HikariPool-8 - Fill pool skipped, pool has sufficient level or currently being filled (queueDepth=0).
2023-07-19 21:52:29,807 DEBUG c.z.h.p.HikariPool:414 [HikariPool-8 housekeeper] HikariPool-8 - Pool stats (total=10, active=0, idle=10, waiting=0)
2023-07-19 21:52:29,810 DEBUG c.z.h.p.HikariPool:521 [HikariPool-8 housekeeper] HikariPool-8 - Fill pool skipped, pool has sufficient level or currently being filled (queueDepth=0).
2023-07-19 21:52:59,820 DEBUG c.z.h.p.HikariPool:414 [HikariPool-8 housekeeper] HikariPool-8 - Pool stats (total=10, active=0, idle=10, waiting=0)
2023-07-19 21:52:59,821 DEBUG c.z.h.p.HikariPool:521 [HikariPool-8 housekeeper] HikariPool-8 - Fill pool skipped, pool has sufficient level or currently being filled (queueDepth=0).
2023-07-19 21:53:29,828 DEBUG c.z.h.p.HikariPool:414 [HikariPool-8 housekeeper] HikariPool-8 - Pool stats (total=10, active=0, idle=10, waiting=0)
2023-07-19 21:53:29,828 DEBUG c.z.h.p.HikariPool:521 [HikariPool-8 housekeeper] HikariPool-8 - Fill pool skipped, pool has sufficient level or currently being filled (queueDepth=0).
2023-07-19 21:53:59,831 DEBUG c.z.h.p.HikariPool:414 [HikariPool-8 housekeeper] HikariPool-8 - Pool stats (total=10, active=0, idle=10, waiting=0)
2023-07-19 21:53:59,831 DEBUG c.z.h.p.HikariPool:521 [HikariPool-8 housekeeper] HikariPool-8 - Fill pool skipped, pool has sufficient level or currently being filled (queueDepth=0).
